<?xml version="1.0" encoding="UTF-8"?>
<!-- Generated by org.testng.reporters.JUnitReportReporter -->
<testsuite hostname="Aravindh-PC" failures="0" tests="1" name="com.qa.pdfreader.PDFReaderTest" time="2.681" errors="0" timestamp="8 May 2019 01:53:56 GMT">
  <testcase classname="com.qa.pdfreader.PDFReaderTest" name="readPDFTest" time="2.681"/>
</testsuite> <!-- com.qa.pdfreader.PDFReaderTest -->
